


ARM Macro Assembler    Page 1 


    1 00000000                 PRESERVE8
    2 00000000                 THUMB
    3 00000000         
    4 00000000         
    5 00000000                 export           timer_callback
    6 00000000                 include          DriverJeuLaser.inc
    1 00000000         
    2 00000000         ; Bibliotheque DriverJeuLaser (ancienne gassp72 adaptée 
                       2021 - TR)
    3 00000000         ; Accès en aux fonctions suivantes :
    4 00000000         ; GPIO :
    5 00000000         ; GPIOA_Set(char Broche), GPIOB_Set(char Broche), GPIOC_
                       Set(char Broche)
    6 00000000         ; GPIOA_Clear(char Broche), GPIOB_Clear(char Broche), GP
                       IOC_Clear(char Broche)
    7 00000000         
    8 00000000         ; PWM :
    9 00000000         ;/**
   10 00000000         ; * @brief  Fixe une valeur de PWM, Val, en tick horloge
                       . La rapport cyclique effectif
   11 00000000         ; * est donc : rcy = Thaut_ticks / Periode_ticks
   12 00000000         ; * @note   spécifique Jeu Laser, PWM liée exclusivement
                        au TIM3, chan3
   13 00000000         ; * @param  Thaut_ticks : durée de l'état haut d'une imp
                       ulsion en Ticks
   14 00000000         ;  * @retval None
   15 00000000         ; */
   16 00000000         
   17 00000000         ;void PWM_Set_Value_TIM3_Ch3( unsigned short int Thaut_t
                       icks);
   18 00000000                 import           PWM_Set_Value_TIM3_Ch3
   19 00000000         
   20 00000000         
   21 00000000         
   22 00000000         ;/**
   23 00000000         ; * @brief  Mise à 1 d'une broche GPIO 
   24 00000000         ;  * @note   Une fonction par GPIO
   25 00000000         ; * @param  Broche : 0 à 15
   26 00000000         ; * @retval None
   27 00000000         ; */
   28 00000000         
   29 00000000         ;void GPIOA_Set(char Broche);
   30 00000000                 import           GPIOA_Set
   31 00000000         
   32 00000000         ;void GPIOB_Set(char Broche);
   33 00000000                 import           GPIOB_Set
   34 00000000         
   35 00000000         ;void GPIOC_Set(char Broche);
   36 00000000                 import           GPIOC_Set
   37 00000000         
   38 00000000         
   39 00000000         
   40 00000000         ;/**
   41 00000000         ; * @brief  Mise à 0 d'une broche GPIO 
   42 00000000         ;  * @note   Une fonction par GPIO
   43 00000000         ; * @param  Broche : 0 à 15
   44 00000000         ; * @retval None
   45 00000000         ;  */
   46 00000000         



ARM Macro Assembler    Page 2 


   47 00000000         ;void GPIOA_Clear(char Broche);
   48 00000000                 import           GPIOA_Clear
   49 00000000         
   50 00000000         ;void GPIOB_Clear(char Broche);
   51 00000000                 import           GPIOB_Clear
   52 00000000         
   53 00000000         ;void GPIOC_Clear(char Broche);
   54 00000000                 import           GPIOC_Clear
   55 00000000         
   56 00000000                 end
    7 00000000         ; ====================== zone de réservation de données,
                         ======================================
    8 00000000         ;Section RAM (read only) :
    9 00000000                 area             mesdata,data,readonly
   10 00000000         
   11 00000000         
   12 00000000         ;Section RAM (read write):
   13 00000000                 area             maram,data,readwrite
   14 00000000                 export           FlagCligno
   15 00000000 01      FlagCligno
                               dcb              1
   16 00000001         
   17 00000001         
   18 00000001         
   19 00000001         ; ======================================================
                       =========================================
   20 00000001         
   21 00000001         
   22 00000001         
   23 00000001         
   24 00000001         ;Section ROM code (read only) :  
   25 00000001                 area             moncode,code,readonly
   26 00000000         ; écrire le code ici 
   27 00000000         
   28 00000000         
   29 00000000         
   30 00000000         timer_callback
                               proc
   31 00000000 480A            ldr              r0,=FlagCligno
   32 00000002 6801            ldr              r1, [r0]
   33 00000004         ; {
   34 00000004         ; if (FlagCligno==1) 
   35 00000004 2901            cmp              r1,  #1
   36 00000006 D108            bne              label
   37 00000008         ; {
   38 00000008         ;  FlagCligno=0;
   39 00000008 F04F 0100       mov              r1, #0
   40 0000000C 6001            str              r1, [r0]
   41 0000000E         ;  GPIOB_Set(1);
   42 0000000E B500            push             {lr}
   43 00000010 F04F 0001       mov              r0, #1
   44 00000014 F7FF FFFE       bl               GPIOB_Set
   45 00000018 BD00            pop              {pc}
   46 0000001A         ; }
   47 0000001A         ; else
   48 0000001A         label
   49 0000001A         ; {
   50 0000001A         ;  FlagCligno=1;
   51 0000001A F04F 0101       mov              r1,#1



ARM Macro Assembler    Page 3 


   52 0000001E 6001            str              r1,[r0]
   53 00000020 F04F 0001       mov              r0, #1
   54 00000024         ;  GPIOB_Clear(1);
   55 00000024 B500            push             {lr}
   56 00000026 F7FF FFFE       bl               GPIOB_Clear
   57 0000002A BD00            pop              {pc}
   58 0000002C         ; }
   59 0000002C         
   60 0000002C         ;}
   61 0000002C         
   62 0000002C         
   63 0000002C         
   64 0000002C         
   65 0000002C         
   66 0000002C         
   67 0000002C         
   68 0000002C         
   69 0000002C         
   70 0000002C         
   71 0000002C                 endp
   72 0000002C         
   73 0000002C         
   74 0000002C                 END
              00000000 
Command Line: --debug --xref --diag_suppress=9931 --cpu=Cortex-M3 --apcs=interw
ork --depend=.\obj\cligno.d -o.\obj\cligno.o -I.\Driver -I.\RTE\_CibleSondeKEIL
 -IC:\Programdata\Keil\Arm\Packs\ARM\CMSIS\5.7.0\CMSIS\Core\Include -IC:\Progra
mdata\Keil\Arm\Packs\Keil\STM32F1xx_DFP\2.3.0\Device\Include --predefine="__EVA
L SETA 1" --predefine="__MICROLIB SETA 1" --predefine="__UVISION_VERSION SETA 5
34" --predefine="_RTE_ SETA 1" --predefine="STM32F10X_MD SETA 1" --predefine="_
RTE_ SETA 1" --list=cligno.lst Src\Cligno.s



ARM Macro Assembler    Page 1 Alphabetic symbol ordering
Relocatable symbols

mesdata 00000000

Symbol: mesdata
   Definitions
      At line 9 in file Src\Cligno.s
   Uses
      None
Comment: mesdata unused
1 symbol



ARM Macro Assembler    Page 1 Alphabetic symbol ordering
Relocatable symbols

FlagCligno 00000000

Symbol: FlagCligno
   Definitions
      At line 15 in file Src\Cligno.s
   Uses
      At line 14 in file Src\Cligno.s
      At line 31 in file Src\Cligno.s

maram 00000000

Symbol: maram
   Definitions
      At line 13 in file Src\Cligno.s
   Uses
      None
Comment: maram unused
2 symbols



ARM Macro Assembler    Page 1 Alphabetic symbol ordering
Relocatable symbols

label 0000001A

Symbol: label
   Definitions
      At line 48 in file Src\Cligno.s
   Uses
      At line 36 in file Src\Cligno.s
Comment: label used once
moncode 00000000

Symbol: moncode
   Definitions
      At line 25 in file Src\Cligno.s
   Uses
      None
Comment: moncode unused
timer_callback 00000000

Symbol: timer_callback
   Definitions
      At line 30 in file Src\Cligno.s
   Uses
      At line 5 in file Src\Cligno.s
Comment: timer_callback used once
3 symbols



ARM Macro Assembler    Page 1 Alphabetic symbol ordering
External symbols

GPIOA_Clear 00000000

Symbol: GPIOA_Clear
   Definitions
      At line 48 in file .\Driver\DriverJeuLaser.inc
   Uses
      None
Comment: GPIOA_Clear unused
GPIOA_Set 00000000

Symbol: GPIOA_Set
   Definitions
      At line 30 in file .\Driver\DriverJeuLaser.inc
   Uses
      None
Comment: GPIOA_Set unused
GPIOB_Clear 00000000

Symbol: GPIOB_Clear
   Definitions
      At line 51 in file .\Driver\DriverJeuLaser.inc
   Uses
      At line 56 in file Src\Cligno.s
Comment: GPIOB_Clear used once
GPIOB_Set 00000000

Symbol: GPIOB_Set
   Definitions
      At line 33 in file .\Driver\DriverJeuLaser.inc
   Uses
      At line 44 in file Src\Cligno.s
Comment: GPIOB_Set used once
GPIOC_Clear 00000000

Symbol: GPIOC_Clear
   Definitions
      At line 54 in file .\Driver\DriverJeuLaser.inc
   Uses
      None
Comment: GPIOC_Clear unused
GPIOC_Set 00000000

Symbol: GPIOC_Set
   Definitions
      At line 36 in file .\Driver\DriverJeuLaser.inc
   Uses
      None
Comment: GPIOC_Set unused
PWM_Set_Value_TIM3_Ch3 00000000

Symbol: PWM_Set_Value_TIM3_Ch3
   Definitions
      At line 18 in file .\Driver\DriverJeuLaser.inc
   Uses
      None
Comment: PWM_Set_Value_TIM3_Ch3 unused
7 symbols
350 symbols in table
