


ARM Macro Assembler    Page 1 


    1 00000000                 PRESERVE8
    2 00000000                 THUMB
    3 00000000                 export           TabCos
    4 00000000                 export           TabSin
    5 00000000                 export           DFT_ModuleAuCarre
    6 00000000         
    7 00000000         
    8 00000000         ; ====================== zone de réservation de données,
                         ======================================
    9 00000000         ;Section RAM (read only) :
   10 00000000                 area             mesdata,data,readonly
   11 00000000         
   12 00000000         
   13 00000000         ;Section RAM (read write):
   14 00000000                 area             maram,data,readwrite
   15 00000000         
   16 00000000         
   17 00000000         
   18 00000000         ; ======================================================
                       =========================================
   19 00000000         
   20 00000000         
   21 00000000         
   22 00000000         
   23 00000000         ;Section ROM code (read only) :  
   24 00000000                 area             moncode,code,readonly
   25 00000000         ; écrire le code ici  
   26 00000000         
   27 00000000         
   28 00000000         
   29 00000000         ;DFT_ModuleAuCarre(short int *Signal64ech, char k)
   30 00000000         DFT_ModuleAuCarre
                               proc
   31 00000000         ;r0 : @ Signal64ech
   32 00000000         ;r1 : k
   33 00000000         ;r2 : compteur de la boucle (n)
   34 00000000         ;r3 : indice du TabCos ou TabSin (k*n%64)
   35 00000000         ;r4 : @ du TabCos ou TabSin
   36 00000000         ;r5 : TabCos[n*k] ou TabSin[n*k]
   37 00000000         ;r6 : Signal64ech[n]
   38 00000000         ;r7 : Signal64ech[n]*TabCos[n*k] OU TabSin[n*k]
   39 00000000         ;r8 : Xreel
   40 00000000         ;r9 : Xim
   41 00000000         
   42 00000000         
   43 00000000 E92D 0FF0       push             {r4-r11}
   44 00000004 F04F 0800       mov              r8,#0
   45 00000008 F04F 0900       mov              r9,#0
   46 0000000C         ;for (int n =0 ; n<64; n++)
   47 0000000C F04F 0200       mov              r2, #0      ; int n = 0
   48 00000010         Boucle
   49 00000010 2A40            cmp              r2, #64     ; n<64
   50 00000012 DA14            bge              FinBoucle
   51 00000014 FB01 F302       mul              r3, r1, r2  ; n*k
   52 00000018 F003 033F       and              r3, #0x03F  ; (n*k)%64 ==> on m
                                                            asque les 6 bits de
                                                             poids faible
   53 0000001C         
   54 0000001C         ;;;;;;;Loads;;;;;;;;;;;;;;;;;;;;;;;



ARM Macro Assembler    Page 2 


   55 0000001C         
   56 0000001C F930 6012       ldrsh            r6, [r0, r2, lsl #1] ;load Sign
                                                            al64ech[n] ==> form
                                                            alisme 4.12 : 16 bi
                                                            ts
   57 00000020         
   58 00000020         ;;;;;;;Calcul partie Réelle;;;;;;;;;
   59 00000020 4C0D            ldr              r4,=TabCos  ;load TabCos
   60 00000022 F934 5013       ldrsh            r5, [r4, r3,lsl #1] ;load TabCo
                                                            s[nk%64] ==> formal
                                                            isme 1.15 : 16 bits
                                                            
   61 00000026         
   62 00000026 FB05 F706       mul              r7, r5, r6  ; Signal64ech[n]*Ta
                                                            bCos[n*k]
   63 0000002A 44B8            add              r8, r7      ; Xreel += Signal64
                                                            ech[n]*TabCos[n*k]
   64 0000002C         
   65 0000002C         ;;;;;;;Calcul partie Imaginaire;;;;;;;;;
   66 0000002C 4C0B            ldr              r4,=TabSin  ;load TabSin
   67 0000002E F934 5013       ldrsh            r5, [r4, r3,lsl #1] ;load TabSi
                                                            n[nk%64] ==> formal
                                                            isme 1.15 : 16 bits
                                                            
   68 00000032         
   69 00000032 FB05 F706       mul              r7, r5, r6  ; Signal64ech[n]*Ta
                                                            bSin[n*k]
   70 00000036 44B9            add              r9, r7      ; Xim += Signal64ec
                                                            h[n]*TabSin[n*k]
   71 00000038         
   72 00000038 F102 0201       add              r2, #1      ; n++
   73 0000003C E7E8            b                Boucle
   74 0000003E         
   75 0000003E         FinBoucle
   76 0000003E F04F 0000       mov              r0, #0
   77 00000042 F04F 0100       mov              r1, #0
   78 00000046         
   79 00000046 FBC8 0108       smlal            r0, r1, r8, r8 ;Xreel au carré 
                                                              : sur 64
   80 0000004A FBC9 0109       smlal            r0, r1, r9, r9 ;Xim au carré   
                                                              : sur 64
   81 0000004E         
   82 0000004E 4608            mov              r0,r1
   83 00000050         
   84 00000050 E8BD 0FF0       pop              {r4-r11}
   85 00000054 4770            bx               lr
   86 00000056                 endp
   87 00000056         
   88 00000056         
   89 00000056         
   90 00000056         ;Section ROM code (read only) :  
   91 00000056 00 00 00000000 
              00000000         AREA             Trigo, DATA, READONLY
   92 00000000         ; codage fractionnaire 1.15
   93 00000000         
   94 00000000         TabCos
   95 00000000 FF 7F           DCW              32767       ;  0 0x7fff  0.9999
                                                            7
   96 00000002 62 7F           DCW              32610       ;  1 0x7f62  0.9951



ARM Macro Assembler    Page 3 


                                                            8
   97 00000004 8A 7D           DCW              32138       ;  2 0x7d8a  0.9807
                                                            7
   98 00000006 7D 7A           DCW              31357       ;  3 0x7a7d  0.9569
                                                            4
   99 00000008 42 76           DCW              30274       ;  4 0x7642  0.9238
                                                            9
  100 0000000A E3 70           DCW              28899       ;  5 0x70e3  0.8819
                                                            3
  101 0000000C 6E 6A           DCW              27246       ;  6 0x6a6e  0.8314
                                                            8
  102 0000000E F2 62           DCW              25330       ;  7 0x62f2  0.7730
                                                            1
  103 00000010 82 5A           DCW              23170       ;  8 0x5a82  0.7070
                                                            9
  104 00000012 34 51           DCW              20788       ;  9 0x5134  0.6344
                                                            0
  105 00000014 1D 47           DCW              18205       ; 10 0x471d  0.5555
                                                            7
  106 00000016 57 3C           DCW              15447       ; 11 0x3c57  0.4714
                                                            1
  107 00000018 FC 30           DCW              12540       ; 12 0x30fc  0.3826
                                                            9
  108 0000001A 28 25           DCW              9512        ; 13 0x2528  0.2902
                                                            8
  109 0000001C F9 18           DCW              6393        ; 14 0x18f9  0.1951
                                                            0
  110 0000001E 8C 0C           DCW              3212        ; 15 0x0c8c  0.0980
                                                            2
  111 00000020 00 00           DCW              0           ; 16 0x0000  0.0000
                                                            0
  112 00000022 74 F3           DCW              -3212       ; 17 0xf374 -0.0980
                                                            2
  113 00000024 07 E7           DCW              -6393       ; 18 0xe707 -0.1951
                                                            0
  114 00000026 D8 DA           DCW              -9512       ; 19 0xdad8 -0.2902
                                                            8
  115 00000028 04 CF           DCW              -12540      ; 20 0xcf04 -0.3826
                                                            9
  116 0000002A A9 C3           DCW              -15447      ; 21 0xc3a9 -0.4714
                                                            1
  117 0000002C E3 B8           DCW              -18205      ; 22 0xb8e3 -0.5555
                                                            7
  118 0000002E CC AE           DCW              -20788      ; 23 0xaecc -0.6344
                                                            0
  119 00000030 7E A5           DCW              -23170      ; 24 0xa57e -0.7070
                                                            9
  120 00000032 0E 9D           DCW              -25330      ; 25 0x9d0e -0.7730
                                                            1
  121 00000034 92 95           DCW              -27246      ; 26 0x9592 -0.8314
                                                            8
  122 00000036 1D 8F           DCW              -28899      ; 27 0x8f1d -0.8819
                                                            3
  123 00000038 BE 89           DCW              -30274      ; 28 0x89be -0.9238
                                                            9
  124 0000003A 83 85           DCW              -31357      ; 29 0x8583 -0.9569
                                                            4
  125 0000003C 76 82           DCW              -32138      ; 30 0x8276 -0.9807
                                                            7



ARM Macro Assembler    Page 4 


  126 0000003E 9E 80           DCW              -32610      ; 31 0x809e -0.9951
                                                            8
  127 00000040 00 80           DCW              -32768      ; 32 0x8000 -1.0000
                                                            0
  128 00000042 9E 80           DCW              -32610      ; 33 0x809e -0.9951
                                                            8
  129 00000044 76 82           DCW              -32138      ; 34 0x8276 -0.9807
                                                            7
  130 00000046 83 85           DCW              -31357      ; 35 0x8583 -0.9569
                                                            4
  131 00000048 BE 89           DCW              -30274      ; 36 0x89be -0.9238
                                                            9
  132 0000004A 1D 8F           DCW              -28899      ; 37 0x8f1d -0.8819
                                                            3
  133 0000004C 92 95           DCW              -27246      ; 38 0x9592 -0.8314
                                                            8
  134 0000004E 0E 9D           DCW              -25330      ; 39 0x9d0e -0.7730
                                                            1
  135 00000050 7E A5           DCW              -23170      ; 40 0xa57e -0.7070
                                                            9
  136 00000052 CC AE           DCW              -20788      ; 41 0xaecc -0.6344
                                                            0
  137 00000054 E3 B8           DCW              -18205      ; 42 0xb8e3 -0.5555
                                                            7
  138 00000056 A9 C3           DCW              -15447      ; 43 0xc3a9 -0.4714
                                                            1
  139 00000058 04 CF           DCW              -12540      ; 44 0xcf04 -0.3826
                                                            9
  140 0000005A D8 DA           DCW              -9512       ; 45 0xdad8 -0.2902
                                                            8
  141 0000005C 07 E7           DCW              -6393       ; 46 0xe707 -0.1951
                                                            0
  142 0000005E 74 F3           DCW              -3212       ; 47 0xf374 -0.0980
                                                            2
  143 00000060 00 00           DCW              0           ; 48 0x0000  0.0000
                                                            0
  144 00000062 8C 0C           DCW              3212        ; 49 0x0c8c  0.0980
                                                            2
  145 00000064 F9 18           DCW              6393        ; 50 0x18f9  0.1951
                                                            0
  146 00000066 28 25           DCW              9512        ; 51 0x2528  0.2902
                                                            8
  147 00000068 FC 30           DCW              12540       ; 52 0x30fc  0.3826
                                                            9
  148 0000006A 57 3C           DCW              15447       ; 53 0x3c57  0.4714
                                                            1
  149 0000006C 1D 47           DCW              18205       ; 54 0x471d  0.5555
                                                            7
  150 0000006E 34 51           DCW              20788       ; 55 0x5134  0.6344
                                                            0
  151 00000070 82 5A           DCW              23170       ; 56 0x5a82  0.7070
                                                            9
  152 00000072 F2 62           DCW              25330       ; 57 0x62f2  0.7730
                                                            1
  153 00000074 6E 6A           DCW              27246       ; 58 0x6a6e  0.8314
                                                            8
  154 00000076 E3 70           DCW              28899       ; 59 0x70e3  0.8819
                                                            3
  155 00000078 42 76           DCW              30274       ; 60 0x7642  0.9238



ARM Macro Assembler    Page 5 


                                                            9
  156 0000007A 7D 7A           DCW              31357       ; 61 0x7a7d  0.9569
                                                            4
  157 0000007C 8A 7D           DCW              32138       ; 62 0x7d8a  0.9807
                                                            7
  158 0000007E 62 7F           DCW              32610       ; 63 0x7f62  0.9951
                                                            8
  159 00000080         TabSin
  160 00000080 00 00           DCW              0           ;  0 0x0000  0.0000
                                                            0
  161 00000082 8C 0C           DCW              3212        ;  1 0x0c8c  0.0980
                                                            2
  162 00000084 F9 18           DCW              6393        ;  2 0x18f9  0.1951
                                                            0
  163 00000086 28 25           DCW              9512        ;  3 0x2528  0.2902
                                                            8
  164 00000088 FC 30           DCW              12540       ;  4 0x30fc  0.3826
                                                            9
  165 0000008A 57 3C           DCW              15447       ;  5 0x3c57  0.4714
                                                            1
  166 0000008C 1D 47           DCW              18205       ;  6 0x471d  0.5555
                                                            7
  167 0000008E 34 51           DCW              20788       ;  7 0x5134  0.6344
                                                            0
  168 00000090 82 5A           DCW              23170       ;  8 0x5a82  0.7070
                                                            9
  169 00000092 F2 62           DCW              25330       ;  9 0x62f2  0.7730
                                                            1
  170 00000094 6E 6A           DCW              27246       ; 10 0x6a6e  0.8314
                                                            8
  171 00000096 E3 70           DCW              28899       ; 11 0x70e3  0.8819
                                                            3
  172 00000098 42 76           DCW              30274       ; 12 0x7642  0.9238
                                                            9
  173 0000009A 7D 7A           DCW              31357       ; 13 0x7a7d  0.9569
                                                            4
  174 0000009C 8A 7D           DCW              32138       ; 14 0x7d8a  0.9807
                                                            7
  175 0000009E 62 7F           DCW              32610       ; 15 0x7f62  0.9951
                                                            8
  176 000000A0 FF 7F           DCW              32767       ; 16 0x7fff  0.9999
                                                            7
  177 000000A2 62 7F           DCW              32610       ; 17 0x7f62  0.9951
                                                            8
  178 000000A4 8A 7D           DCW              32138       ; 18 0x7d8a  0.9807
                                                            7
  179 000000A6 7D 7A           DCW              31357       ; 19 0x7a7d  0.9569
                                                            4
  180 000000A8 42 76           DCW              30274       ; 20 0x7642  0.9238
                                                            9
  181 000000AA E3 70           DCW              28899       ; 21 0x70e3  0.8819
                                                            3
  182 000000AC 6E 6A           DCW              27246       ; 22 0x6a6e  0.8314
                                                            8
  183 000000AE F2 62           DCW              25330       ; 23 0x62f2  0.7730
                                                            1
  184 000000B0 82 5A           DCW              23170       ; 24 0x5a82  0.7070
                                                            9
  185 000000B2 34 51           DCW              20788       ; 25 0x5134  0.6344



ARM Macro Assembler    Page 6 


                                                            0
  186 000000B4 1D 47           DCW              18205       ; 26 0x471d  0.5555
                                                            7
  187 000000B6 57 3C           DCW              15447       ; 27 0x3c57  0.4714
                                                            1
  188 000000B8 FC 30           DCW              12540       ; 28 0x30fc  0.3826
                                                            9
  189 000000BA 28 25           DCW              9512        ; 29 0x2528  0.2902
                                                            8
  190 000000BC F9 18           DCW              6393        ; 30 0x18f9  0.1951
                                                            0
  191 000000BE 8C 0C           DCW              3212        ; 31 0x0c8c  0.0980
                                                            2
  192 000000C0 00 00           DCW              0           ; 32 0x0000  0.0000
                                                            0
  193 000000C2 74 F3           DCW              -3212       ; 33 0xf374 -0.0980
                                                            2
  194 000000C4 07 E7           DCW              -6393       ; 34 0xe707 -0.1951
                                                            0
  195 000000C6 D8 DA           DCW              -9512       ; 35 0xdad8 -0.2902
                                                            8
  196 000000C8 04 CF           DCW              -12540      ; 36 0xcf04 -0.3826
                                                            9
  197 000000CA A9 C3           DCW              -15447      ; 37 0xc3a9 -0.4714
                                                            1
  198 000000CC E3 B8           DCW              -18205      ; 38 0xb8e3 -0.5555
                                                            7
  199 000000CE CC AE           DCW              -20788      ; 39 0xaecc -0.6344
                                                            0
  200 000000D0 7E A5           DCW              -23170      ; 40 0xa57e -0.7070
                                                            9
  201 000000D2 0E 9D           DCW              -25330      ; 41 0x9d0e -0.7730
                                                            1
  202 000000D4 92 95           DCW              -27246      ; 42 0x9592 -0.8314
                                                            8
  203 000000D6 1D 8F           DCW              -28899      ; 43 0x8f1d -0.8819
                                                            3
  204 000000D8 BE 89           DCW              -30274      ; 44 0x89be -0.9238
                                                            9
  205 000000DA 83 85           DCW              -31357      ; 45 0x8583 -0.9569
                                                            4
  206 000000DC 76 82           DCW              -32138      ; 46 0x8276 -0.9807
                                                            7
  207 000000DE 9E 80           DCW              -32610      ; 47 0x809e -0.9951
                                                            8
  208 000000E0 00 80           DCW              -32768      ; 48 0x8000 -1.0000
                                                            0
  209 000000E2 9E 80           DCW              -32610      ; 49 0x809e -0.9951
                                                            8
  210 000000E4 76 82           DCW              -32138      ; 50 0x8276 -0.9807
                                                            7
  211 000000E6 83 85           DCW              -31357      ; 51 0x8583 -0.9569
                                                            4
  212 000000E8 BE 89           DCW              -30274      ; 52 0x89be -0.9238
                                                            9
  213 000000EA 1D 8F           DCW              -28899      ; 53 0x8f1d -0.8819
                                                            3
  214 000000EC 92 95           DCW              -27246      ; 54 0x9592 -0.8314
                                                            8



ARM Macro Assembler    Page 7 


  215 000000EE 0E 9D           DCW              -25330      ; 55 0x9d0e -0.7730
                                                            1
  216 000000F0 7E A5           DCW              -23170      ; 56 0xa57e -0.7070
                                                            9
  217 000000F2 CC AE           DCW              -20788      ; 57 0xaecc -0.6344
                                                            0
  218 000000F4 E3 B8           DCW              -18205      ; 58 0xb8e3 -0.5555
                                                            7
  219 000000F6 A9 C3           DCW              -15447      ; 59 0xc3a9 -0.4714
                                                            1
  220 000000F8 04 CF           DCW              -12540      ; 60 0xcf04 -0.3826
                                                            9
  221 000000FA D8 DA           DCW              -9512       ; 61 0xdad8 -0.2902
                                                            8
  222 000000FC 07 E7           DCW              -6393       ; 62 0xe707 -0.1951
                                                            0
  223 000000FE 74 F3           DCW              -3212       ; 63 0xf374 -0.0980
                                                            2
  224 00000100         
  225 00000100         
  226 00000100                 END
Command Line: --debug --xref --diag_suppress=9931 --cpu=Cortex-M3 --apcs=interw
ork --depend=.\obj\dft.d -o.\obj\dft.o -I.\RTE\_Simu -IC:\Programdata\Keil\Arm\
Packs\ARM\CMSIS\5.7.0\CMSIS\Core\Include -IC:\Programdata\Keil\Arm\Packs\Keil\S
TM32F1xx_DFP\2.3.0\Device\Include --predefine="__EVAL SETA 1" --predefine="__MI
CROLIB SETA 1" --predefine="__UVISION_VERSION SETA 534" --predefine="_RTE_ SETA
 1" --predefine="STM32F10X_MD SETA 1" --predefine="_RTE_ SETA 1" --list=dft.lst
 Src\DFT.s



ARM Macro Assembler    Page 1 Alphabetic symbol ordering
Relocatable symbols

mesdata 00000000

Symbol: mesdata
   Definitions
      At line 10 in file Src\DFT.s
   Uses
      None
Comment: mesdata unused
1 symbol



ARM Macro Assembler    Page 1 Alphabetic symbol ordering
Relocatable symbols

maram 00000000

Symbol: maram
   Definitions
      At line 14 in file Src\DFT.s
   Uses
      None
Comment: maram unused
1 symbol



ARM Macro Assembler    Page 1 Alphabetic symbol ordering
Relocatable symbols

Boucle 00000010

Symbol: Boucle
   Definitions
      At line 48 in file Src\DFT.s
   Uses
      At line 73 in file Src\DFT.s
Comment: Boucle used once
DFT_ModuleAuCarre 00000000

Symbol: DFT_ModuleAuCarre
   Definitions
      At line 30 in file Src\DFT.s
   Uses
      At line 5 in file Src\DFT.s
Comment: DFT_ModuleAuCarre used once
FinBoucle 0000003E

Symbol: FinBoucle
   Definitions
      At line 75 in file Src\DFT.s
   Uses
      At line 50 in file Src\DFT.s
Comment: FinBoucle used once
moncode 00000000

Symbol: moncode
   Definitions
      At line 24 in file Src\DFT.s
   Uses
      None
Comment: moncode unused
4 symbols



ARM Macro Assembler    Page 1 Alphabetic symbol ordering
Relocatable symbols

TabCos 00000000

Symbol: TabCos
   Definitions
      At line 94 in file Src\DFT.s
   Uses
      At line 3 in file Src\DFT.s
      At line 59 in file Src\DFT.s

TabSin 00000080

Symbol: TabSin
   Definitions
      At line 159 in file Src\DFT.s
   Uses
      At line 4 in file Src\DFT.s
      At line 66 in file Src\DFT.s

Trigo 00000000

Symbol: Trigo
   Definitions
      At line 91 in file Src\DFT.s
   Uses
      None
Comment: Trigo unused
3 symbols
346 symbols in table
