


ARM Macro Assembler    Page 1 


    1 00000000         ; AREA Signal, DATA, READONLY
    2 00000000         ; export LeSignal
    3 00000000         ;LeSignal
    4 00000000         ; DCW 0x0fff ;  0 4095  0.99976
    5 00000000         ; DCW 0x0ff6 ;  1 4086  0.99756
    6 00000000         ; DCW 0x0fd9 ;  2 4057  0.99048
    7 00000000         ; DCW 0x0fa8 ;  3 4008  0.97852
    8 00000000         ; DCW 0x0f64 ;  4 3940  0.96191
    9 00000000         ; DCW 0x0f0e ;  5 3854  0.94092
   10 00000000         ; DCW 0x0ea7 ;  6 3751  0.91577
   11 00000000         ; DCW 0x0e2f ;  7 3631  0.88647
   12 00000000         ; DCW 0x0da8 ;  8 3496  0.85352
   13 00000000         ; DCW 0x0d13 ;  9 3347  0.81714
   14 00000000         ; DCW 0x0c72 ; 10 3186  0.77783
   15 00000000         ; DCW 0x0bc5 ; 11 3013  0.73560
   16 00000000         ; DCW 0x0b10 ; 12 2832  0.69141
   17 00000000         ; DCW 0x0a53 ; 13 2643  0.64526
   18 00000000         ; DCW 0x0990 ; 14 2448  0.59766
   19 00000000         ; DCW 0x08c9 ; 15 2249  0.54907
   20 00000000         ; DCW 0x0800 ; 16 2048  0.50000
   21 00000000         ; DCW 0x0737 ; 17 1847  0.45093
   22 00000000         ; DCW 0x0670 ; 18 1648  0.40234
   23 00000000         ; DCW 0x05ad ; 19 1453  0.35474
   24 00000000         ; DCW 0x04f0 ; 20 1264  0.30859
   25 00000000         ; DCW 0x043b ; 21 1083  0.26440
   26 00000000         ; DCW 0x038e ; 22  910  0.22217
   27 00000000         ; DCW 0x02ed ; 23  749  0.18286
   28 00000000         ; DCW 0x0258 ; 24  600  0.14648
   29 00000000         ; DCW 0x01d1 ; 25  465  0.11353
   30 00000000         ; DCW 0x0159 ; 26  345  0.08423
   31 00000000         ; DCW 0x00f2 ; 27  242  0.05908
   32 00000000         ; DCW 0x009c ; 28  156  0.03809
   33 00000000         ; DCW 0x0058 ; 29   88  0.02148
   34 00000000         ; DCW 0x0027 ; 30   39  0.00952
   35 00000000         ; DCW 0x000a ; 31   10  0.00244
   36 00000000         ; DCW 0x0000 ; 32    0  0.00000
   37 00000000         ; DCW 0x000a ; 33   10  0.00244
   38 00000000         ; DCW 0x0027 ; 34   39  0.00952
   39 00000000         ; DCW 0x0058 ; 35   88  0.02148
   40 00000000         ; DCW 0x009c ; 36  156  0.03809
   41 00000000         ; DCW 0x00f2 ; 37  242  0.05908
   42 00000000         ; DCW 0x0159 ; 38  345  0.08423
   43 00000000         ; DCW 0x01d1 ; 39  465  0.11353
   44 00000000         ; DCW 0x0258 ; 40  600  0.14648
   45 00000000         ; DCW 0x02ed ; 41  749  0.18286
   46 00000000         ; DCW 0x038e ; 42  910  0.22217
   47 00000000         ; DCW 0x043b ; 43 1083  0.26440
   48 00000000         ; DCW 0x04f0 ; 44 1264  0.30859
   49 00000000         ; DCW 0x05ad ; 45 1453  0.35474
   50 00000000         ; DCW 0x0670 ; 46 1648  0.40234
   51 00000000         ; DCW 0x0737 ; 47 1847  0.45093
   52 00000000         ; DCW 0x0800 ; 48 2048  0.50000
   53 00000000         ; DCW 0x08c9 ; 49 2249  0.54907
   54 00000000         ; DCW 0x0990 ; 50 2448  0.59766
   55 00000000         ; DCW 0x0a53 ; 51 2643  0.64526
   56 00000000         ; DCW 0x0b10 ; 52 2832  0.69141
   57 00000000         ; DCW 0x0bc5 ; 53 3013  0.73560
   58 00000000         ; DCW 0x0c72 ; 54 3186  0.77783
   59 00000000         ; DCW 0x0d13 ; 55 3347  0.81714



ARM Macro Assembler    Page 2 


   60 00000000         ; DCW 0x0da8 ; 56 3496  0.85352
   61 00000000         ; DCW 0x0e2f ; 57 3631  0.88647
   62 00000000         ; DCW 0x0ea7 ; 58 3751  0.91577
   63 00000000         ; DCW 0x0f0e ; 59 3854  0.94092
   64 00000000         ; DCW 0x0f64 ; 60 3940  0.96191
   65 00000000         ; DCW 0x0fa8 ; 61 4008  0.97852
   66 00000000         ; DCW 0x0fd9 ; 62 4057  0.99048
   67 00000000         ; DCW 0x0ff6 ; 63 4086  0.99756
   68 00000000         ; END 
   69 00000000                 AREA             Signal, DATA, READONLY
   70 00000000                 export           LeSignal
   71 00000000         LeSignal
   72 00000000 A8 0D           DCW              0x0da8      ;  0 3496  0.85352
   73 00000002 53 0A           DCW              0x0a53      ;  1 2643  0.64526
   74 00000004 70 06           DCW              0x0670      ;  2 1648  0.40234
   75 00000006 ED 02           DCW              0x02ed      ;  3  749  0.18286
   76 00000008 9C 00           DCW              0x009c      ;  4  156  0.03809
   77 0000000A 0A 00           DCW              0x000a      ;  5   10  0.00244
   78 0000000C 59 01           DCW              0x0159      ;  6  345  0.08423
   79 0000000E 3B 04           DCW              0x043b      ;  7 1083  0.26440
   80 00000010 00 08           DCW              0x0800      ;  8 2048  0.50000
   81 00000012 C5 0B           DCW              0x0bc5      ;  9 3013  0.73560
   82 00000014 A7 0E           DCW              0x0ea7      ; 10 3751  0.91577
   83 00000016 F6 0F           DCW              0x0ff6      ; 11 4086  0.99756
   84 00000018 64 0F           DCW              0x0f64      ; 12 3940  0.96191
   85 0000001A 13 0D           DCW              0x0d13      ; 13 3347  0.81714
   86 0000001C 90 09           DCW              0x0990      ; 14 2448  0.59766
   87 0000001E AD 05           DCW              0x05ad      ; 15 1453  0.35474
   88 00000020 58 02           DCW              0x0258      ; 16  600  0.14648
   89 00000022 58 00           DCW              0x0058      ; 17   88  0.02148
   90 00000024 27 00           DCW              0x0027      ; 18   39  0.00952
   91 00000026 D1 01           DCW              0x01d1      ; 19  465  0.11353
   92 00000028 F0 04           DCW              0x04f0      ; 20 1264  0.30859
   93 0000002A C9 08           DCW              0x08c9      ; 21 2249  0.54907
   94 0000002C 72 0C           DCW              0x0c72      ; 22 3186  0.77783
   95 0000002E 0E 0F           DCW              0x0f0e      ; 23 3854  0.94092
   96 00000030 FF 0F           DCW              0x0fff      ; 24 4095  0.99976
   97 00000032 0E 0F           DCW              0x0f0e      ; 25 3854  0.94092
   98 00000034 72 0C           DCW              0x0c72      ; 26 3186  0.77783
   99 00000036 C9 08           DCW              0x08c9      ; 27 2249  0.54907
  100 00000038 F0 04           DCW              0x04f0      ; 28 1264  0.30859
  101 0000003A D1 01           DCW              0x01d1      ; 29  465  0.11353
  102 0000003C 27 00           DCW              0x0027      ; 30   39  0.00952
  103 0000003E 58 00           DCW              0x0058      ; 31   88  0.02148
  104 00000040 58 02           DCW              0x0258      ; 32  600  0.14648
  105 00000042 AD 05           DCW              0x05ad      ; 33 1453  0.35474
  106 00000044 90 09           DCW              0x0990      ; 34 2448  0.59766
  107 00000046 13 0D           DCW              0x0d13      ; 35 3347  0.81714
  108 00000048 64 0F           DCW              0x0f64      ; 36 3940  0.96191
  109 0000004A F6 0F           DCW              0x0ff6      ; 37 4086  0.99756
  110 0000004C A7 0E           DCW              0x0ea7      ; 38 3751  0.91577
  111 0000004E C5 0B           DCW              0x0bc5      ; 39 3013  0.73560
  112 00000050 00 08           DCW              0x0800      ; 40 2048  0.50000
  113 00000052 3B 04           DCW              0x043b      ; 41 1083  0.26440
  114 00000054 59 01           DCW              0x0159      ; 42  345  0.08423
  115 00000056 0A 00           DCW              0x000a      ; 43   10  0.00244
  116 00000058 9C 00           DCW              0x009c      ; 44  156  0.03809
  117 0000005A ED 02           DCW              0x02ed      ; 45  749  0.18286
  118 0000005C 70 06           DCW              0x0670      ; 46 1648  0.40234



ARM Macro Assembler    Page 3 


  119 0000005E 53 0A           DCW              0x0a53      ; 47 2643  0.64526
  120 00000060 A8 0D           DCW              0x0da8      ; 48 3496  0.85352
  121 00000062 A8 0F           DCW              0x0fa8      ; 49 4008  0.97852
  122 00000064 D9 0F           DCW              0x0fd9      ; 50 4057  0.99048
  123 00000066 2F 0E           DCW              0x0e2f      ; 51 3631  0.88647
  124 00000068 10 0B           DCW              0x0b10      ; 52 2832  0.69141
  125 0000006A 37 07           DCW              0x0737      ; 53 1847  0.45093
  126 0000006C 8E 03           DCW              0x038e      ; 54  910  0.22217
  127 0000006E F2 00           DCW              0x00f2      ; 55  242  0.05908
  128 00000070 00 00           DCW              0x0000      ; 56    0  0.00000
  129 00000072 F2 00           DCW              0x00f2      ; 57  242  0.05908
  130 00000074 8E 03           DCW              0x038e      ; 58  910  0.22217
  131 00000076 37 07           DCW              0x0737      ; 59 1847  0.45093
  132 00000078 10 0B           DCW              0x0b10      ; 60 2832  0.69141
  133 0000007A 2F 0E           DCW              0x0e2f      ; 61 3631  0.88647
  134 0000007C D9 0F           DCW              0x0fd9      ; 62 4057  0.99048
  135 0000007E A8 0F           DCW              0x0fa8      ; 63 4008  0.97852
  136 00000080                 END
Command Line: --debug --xref --diag_suppress=9931 --cpu=Cortex-M3 --apcs=interw
ork --depend=.\obj\signal.d -o.\obj\signal.o -I.\RTE\_Simu -IC:\Programdata\Kei
l\Arm\Packs\ARM\CMSIS\5.7.0\CMSIS\Core\Include -IC:\Programdata\Keil\Arm\Packs\
Keil\STM32F1xx_DFP\2.3.0\Device\Include --predefine="__EVAL SETA 1" --predefine
="__MICROLIB SETA 1" --predefine="__UVISION_VERSION SETA 534" --predefine="_RTE
_ SETA 1" --predefine="STM32F10X_MD SETA 1" --predefine="_RTE_ SETA 1" --list=s
ignal.lst Src\Signal.asm



ARM Macro Assembler    Page 1 Alphabetic symbol ordering
Relocatable symbols

LeSignal 00000000

Symbol: LeSignal
   Definitions
      At line 71 in file Src\Signal.asm
   Uses
      At line 70 in file Src\Signal.asm
Comment: LeSignal used once
Signal 00000000

Symbol: Signal
   Definitions
      At line 69 in file Src\Signal.asm
   Uses
      None
Comment: Signal unused
2 symbols
337 symbols in table
